<?xml version="1.0" encoding="UTF-8"?>
<testng-results total="1" passed="1" failed="0" skipped="0">
  <reporter-output>
  </reporter-output>
  <suite started-at="2019-05-01T14:45:35Z" name="Default suite" finished-at="2019-05-01T14:46:03Z" duration-ms="28840">
    <groups>
    </groups>
    <test started-at="2019-05-01T14:45:35Z" name="Default test" finished-at="2019-05-01T14:46:03Z" duration-ms="28840">
      <class name="syook_ext.syook_ext_login">
        <test-method is-config="true" signature="startTest()[pri:0, instance:syook_ext.syook_ext_login@77c2494c]" started-at="2019-05-01T20:15:35Z" name="startTest" finished-at="2019-05-01T20:15:35Z" duration-ms="552" status="PASS">
          <reporter-output>
          </reporter-output>
        </test-method> <!-- startTest -->
        <test-method is-config="true" signature="initDriver()[pri:0, instance:syook_ext.syook_ext_login@77c2494c]" started-at="2019-05-01T20:15:35Z" name="initDriver" finished-at="2019-05-01T20:15:40Z" duration-ms="4976" status="PASS">
          <reporter-output>
          </reporter-output>
        </test-method> <!-- initDriver -->
        <test-method signature="f()[pri:0, instance:syook_ext.syook_ext_login@77c2494c]" started-at="2019-05-01T20:15:40Z" name="f" finished-at="2019-05-01T20:16:03Z" duration-ms="23304" status="PASS">
          <reporter-output>
          </reporter-output>
        </test-method> <!-- f -->
      </class> <!-- syook_ext.syook_ext_login -->
    </test> <!-- Default test -->
  </suite> <!-- Default suite -->
</testng-results>
